Determining if the include file stdint.h exists failed with the following output:
Change Dir: F:/OpenSource/REDM/Build/CMakeFiles/CMakeTmp

Run Build Command:D:\PROGRA~2\MICROS~1.0\Common7\IDE\devenv.com CMAKE_TRY_COMPILE.sln /build Debug /project cmTryCompileExec

Microsoft (R) Visual Studio Version 9.0.30729.1.
Copyright (C) Microsoft Corp. All rights reserved.
1>------ Build started: Project: cmTryCompileExec, Configuration: Debug Win32 ------
1>Compiling...
1>Microsoft (R) 32-bit C/C++ Optimizing Compiler Version 15.00.30729.01 for 80x86
1>Copyright (C) Microsoft Corporation.  All rights reserved.
1>cl /Od /D "WIN32" /D "_WINDOWS" /D "_DEBUG" /D "CMAKE_INTDIR=\"Debug\"" /D "_MBCS" /FD /RTC1 /MDd /Fo"cmTryCompileExec.dir\Debug\\" /Fd"F:/OpenSource/REDM/Build/CMakeFiles/CMakeTmp/Debug/cmTryCompileExec.pdb" /W3 /c /Zi /TC   /Zm1000
1>   .\CheckIncludeFile.c
1>CheckIncludeFile.c
1>.\CheckIncludeFile.c(1) : fatal error C1083: Cannot open include file: 'stdint.h': No such file or directory
1>Build log was saved at "file://f:\OpenSource\REDM\Build\CMakeFiles\CMakeTmp\cmTryCompileExec.dir\Debug\BuildLog.htm"
1>cmTryCompileExec - 1 error(s), 0 warning(s)
========== Build: 0 succeeded, 1 failed, 0 up-to-date, 0 skipped ==========


Determining size of off64_t failed with the following output:
Change Dir: F:/OpenSource/REDM/Build/CMakeFiles/CMakeTmp

Run Build Command:D:\PROGRA~2\MICROS~1.0\Common7\IDE\devenv.com CMAKE_TRY_COMPILE.sln /build Debug /project cmTryCompileExec

Microsoft (R) Visual Studio Version 9.0.30729.1.
Copyright (C) Microsoft Corp. All rights reserved.
1>------ Build started: Project: cmTryCompileExec, Configuration: Debug Win32 ------
1>Compiling...
1>Microsoft (R) 32-bit C/C++ Optimizing Compiler Version 15.00.30729.01 for 80x86
1>Copyright (C) Microsoft Corporation.  All rights reserved.
1>cl /Od /D "WIN32" /D "_WINDOWS" /D "HAVE_SYS_TYPES_H" /D "HAVE_STDDEF_H" /D "_DEBUG" /D "_LARGEFILE64_SOURCE=1" /D "CMAKE_INTDIR=\"Debug\"" /D "_MBCS" /FD /RTC1 /MDd /Fo"cmTryCompileExec.dir\Debug\\" /Fd"F:/OpenSource/REDM/Build/CMakeFiles/CMakeTmp/Debug/cmTryCompileExec.pdb" /W3 /c /Zi /TC   /Zm1000
1>   .\CheckTypeSizeC.c
1>CheckTypeSizeC.c
1>.\CheckTypeSizeC.c(25) : error C2065: 'off64_t' : undeclared identifier
1>.\CheckTypeSizeC.c(26) : error C2065: 'off64_t' : undeclared identifier
1>.\CheckTypeSizeC.c(27) : error C2065: 'off64_t' : undeclared identifier
1>.\CheckTypeSizeC.c(28) : error C2065: 'off64_t' : undeclared identifier
1>.\CheckTypeSizeC.c(29) : error C2065: 'off64_t' : undeclared identifier
1>Build log was saved at "file://f:\OpenSource\REDM\Build\CMakeFiles\CMakeTmp\cmTryCompileExec.dir\Debug\BuildLog.htm"
1>cmTryCompileExec - 5 error(s), 0 warning(s)
========== Build: 0 succeeded, 1 failed, 0 up-to-date, 0 skipped ==========

CheckTypeSizeC.c:
#define CHECK_TYPE_SIZE_TYPE off64_t
#ifdef CHECK_TYPE_SIZE_TYPE


#ifdef HAVE_SYS_TYPES_H
#  include <sys/types.h>
#endif /* HAVE_SYS_TYPES_H */

#ifdef HAVE_STDINT_H
#  include <stdint.h>
#endif /* HAVE_STDINT_H */

#ifdef HAVE_STDDEF_H
#  include <stddef.h>
#endif /* HAVE_STDDEF_H */



#ifdef __CLASSIC_C__
# define const
#endif

#define SIZE (sizeof(off64_t))
const char info_sizeof[] =  {'I', 'N', 'F', 'O', ':', 's','i','z','e','o','f','[',
  ('0' + ((SIZE / 10000)%10)),
  ('0' + ((SIZE / 1000)%10)),
  ('0' + ((SIZE / 100)%10)),
  ('0' + ((SIZE / 10)%10)),
  ('0' +  (SIZE    % 10)), 
  ']','\0'};

#ifdef __CLASSIC_C__
int main(argc, argv) int argc; char *argv[];
#else
int main(int argc, char *argv[])
#endif
{
  int require = 0;
  require += info_sizeof[argc];
  (void)argv;
  return require;
}

#else  /* CHECK_TYPE_SIZE_TYPE */

#  error "CHECK_TYPE_SIZE_TYPE has to specify the type"

#endif /* CHECK_TYPE_SIZE_TYPE */


Determining if the function fseeko exists failed with the following output:
Change Dir: F:/OpenSource/REDM/Build/CMakeFiles/CMakeTmp

Run Build Command:D:\PROGRA~2\MICROS~1.0\Common7\IDE\devenv.com CMAKE_TRY_COMPILE.sln /build Debug /project cmTryCompileExec

Microsoft (R) Visual Studio Version 9.0.30729.1.
Copyright (C) Microsoft Corp. All rights reserved.
1>------ Build started: Project: cmTryCompileExec, Configuration: Debug Win32 ------
1>Compiling...
1>Microsoft (R) 32-bit C/C++ Optimizing Compiler Version 15.00.30729.01 for 80x86
1>Copyright (C) Microsoft Corporation.  All rights reserved.
1>cl /Od /D "WIN32" /D "_WINDOWS" /D "CHECK_FUNCTION_EXISTS=fseeko" /D "_DEBUG" /D "CMAKE_INTDIR=\"Debug\"" /D "_MBCS" /FD /RTC1 /MDd /Fo"cmTryCompileExec.dir\Debug\\" /Fd"F:/OpenSource/REDM/Build/CMakeFiles/CMakeTmp/Debug/cmTryCompileExec.pdb" /W3 /c /Zi /TC   /Zm1000
1>   "D:\Program Files (x86)\CMake 2.8\share\cmake-2.8\Modules\CheckFunctionExists.c"
1>CheckFunctionExists.c
1>Compiling manifest to resources...
1>Microsoft (R) Windows (R) Resource Compiler Version 6.1.6723.1
1>Copyright (C) Microsoft Corporation.  All rights reserved.
1>Linking...
1>CheckFunctionExists.obj : error LNK2019: unresolved external symbol _fseeko referenced in function _main
1>F:\OpenSource\REDM\Build\CMakeFiles\CMakeTmp\Debug\cmTryCompileExec.exe : fatal error LNK1120: 1 unresolved externals
1>Build log was saved at "file://f:\OpenSource\REDM\Build\CMakeFiles\CMakeTmp\cmTryCompileExec.dir\Debug\BuildLog.htm"
1>cmTryCompileExec - 2 error(s), 0 warning(s)
========== Build: 0 succeeded, 1 failed, 0 up-to-date, 0 skipped ==========


Determining if the include file unistd.h exists failed with the following output:
Change Dir: F:/OpenSource/REDM/Build/CMakeFiles/CMakeTmp

Run Build Command:D:\PROGRA~2\MICROS~1.0\Common7\IDE\devenv.com CMAKE_TRY_COMPILE.sln /build Debug /project cmTryCompileExec

Microsoft (R) Visual Studio Version 9.0.30729.1.
Copyright (C) Microsoft Corp. All rights reserved.
1>------ Build started: Project: cmTryCompileExec, Configuration: Debug Win32 ------
1>Compiling...
1>Microsoft (R) 32-bit C/C++ Optimizing Compiler Version 15.00.30729.01 for 80x86
1>Copyright (C) Microsoft Corporation.  All rights reserved.
1>cl /Od /D "WIN32" /D "_WINDOWS" /D "_DEBUG" /D "CMAKE_INTDIR=\"Debug\"" /D "_MBCS" /FD /RTC1 /MDd /Fo"cmTryCompileExec.dir\Debug\\" /Fd"F:/OpenSource/REDM/Build/CMakeFiles/CMakeTmp/Debug/cmTryCompileExec.pdb" /W3 /c /Zi /TC   /Zm1000
1>   .\CheckIncludeFile.c
1>CheckIncludeFile.c
1>.\CheckIncludeFile.c(1) : fatal error C1083: Cannot open include file: 'unistd.h': No such file or directory
1>Build log was saved at "file://f:\OpenSource\REDM\Build\CMakeFiles\CMakeTmp\cmTryCompileExec.dir\Debug\BuildLog.htm"
1>cmTryCompileExec - 1 error(s), 0 warning(s)
========== Build: 0 succeeded, 1 failed, 0 up-to-date, 0 skipped ==========


